2024-06-27 10:15:26,446 [Worker-4: Loading available Gradle versions] INFO  o.e.b.c.i.u.g.PublishedGradleVersions - Gradle version information cache is out-of-date. Trying to update.
2024-06-29 18:36:43,481 [Worker-4: Loading available Gradle versions] INFO  o.e.b.c.i.u.g.PublishedGradleVersions - Gradle version information cache is out-of-date. Trying to update.
2024-07-02 08:34:45,732 [Worker-6: Loading available Gradle versions] INFO  o.e.b.c.i.u.g.PublishedGradleVersions - Gradle version information cache is out-of-date. Trying to update.
2024-07-04 08:41:10,752 [Worker-3: Loading available Gradle versions] INFO  o.e.b.c.i.u.g.PublishedGradleVersions - Gradle version information cache is out-of-date. Trying to update.
2024-07-06 17:44:08,717 [Worker-5: Loading available Gradle versions] INFO  o.e.b.c.i.u.g.PublishedGradleVersions - Gradle version information cache is out-of-date. Trying to update.
2024-07-09 09:06:03,572 [Worker-23: Loading available Gradle versions] INFO  o.e.b.c.i.u.g.PublishedGradleVersions - Gradle version information cache is out-of-date. Trying to update.
2024-07-10 18:25:36,273 [Worker-4: Loading available Gradle versions] INFO  o.e.b.c.i.u.g.PublishedGradleVersions - Gradle version information cache is out-of-date. Trying to update.
2024-07-11 08:42:51,379 [Worker-23: Loading available Gradle versions] INFO  o.e.b.c.i.u.g.PublishedGradleVersions - Gradle version information cache is up-to-date. Trying to read.
2024-07-13 08:05:42,588 [Worker-0: Loading available Gradle versions] INFO  o.e.b.c.i.u.g.PublishedGradleVersions - Gradle version information cache is out-of-date. Trying to update.
2024-07-16 08:37:13,615 [Worker-7: Loading available Gradle versions] INFO  o.e.b.c.i.u.g.PublishedGradleVersions - Gradle version information cache is up-to-date. Trying to read.
2024-07-18 09:02:08,487 [Worker-25: Loading available Gradle versions] INFO  o.e.b.c.i.u.g.PublishedGradleVersions - Gradle version information cache is up-to-date. Trying to read.
2024-07-19 09:08:23,145 [Worker-11: Loading available Gradle versions] INFO  o.e.b.c.i.u.g.PublishedGradleVersions - Gradle version information cache is out-of-date. Trying to update.
2024-07-21 17:29:25,441 [Worker-2: Loading available Gradle versions] INFO  o.e.b.c.i.u.g.PublishedGradleVersions - Gradle version information cache is out-of-date. Trying to update.
2024-07-23 09:07:33,572 [Worker-4: Loading available Gradle versions] INFO  o.e.b.c.i.u.g.PublishedGradleVersions - Gradle version information cache is up-to-date. Trying to read.
2024-07-25 08:45:37,366 [Worker-6: Loading available Gradle versions] INFO  o.e.b.c.i.u.g.PublishedGradleVersions - Gradle version information cache is up-to-date. Trying to read.
2024-07-30 08:50:36,291 [Worker-4: Loading available Gradle versions] INFO  o.e.b.c.i.u.g.PublishedGradleVersions - Gradle version information cache is up-to-date. Trying to read.
2024-08-01 08:49:33,360 [Worker-6: Loading available Gradle versions] INFO  o.e.b.c.i.u.g.PublishedGradleVersions - Gradle version information cache is up-to-date. Trying to read.
2024-08-06 08:37:00,318 [Worker-3: Loading available Gradle versions] INFO  o.e.b.c.i.u.g.PublishedGradleVersions - Gradle version information cache is up-to-date. Trying to read.
2024-08-06 09:28:32,187 [Worker-4: Loading available Gradle versions] INFO  o.e.b.c.i.u.g.PublishedGradleVersions - Gradle version information cache is up-to-date. Trying to read.
2024-08-06 09:31:34,206 [Worker-1: Loading available Gradle versions] INFO  o.e.b.c.i.u.g.PublishedGradleVersions - Gradle version information cache is up-to-date. Trying to read.
2024-08-08 08:48:40,823 [Worker-2: Loading available Gradle versions] INFO  o.e.b.c.i.u.g.PublishedGradleVersions - Gradle version information cache is up-to-date. Trying to read.
2024-08-13 08:37:48,474 [Worker-17: Loading available Gradle versions] INFO  o.e.b.c.i.u.g.PublishedGradleVersions - Gradle version information cache is up-to-date. Trying to read.
2024-08-15 09:07:19,158 [Worker-4: Loading available Gradle versions] INFO  o.e.b.c.i.u.g.PublishedGradleVersions - Gradle version information cache is out-of-date. Trying to update.
2024-08-19 21:56:30,884 [Worker-1: Loading available Gradle versions] INFO  o.e.b.c.i.u.g.PublishedGradleVersions - Gradle version information cache is up-to-date. Trying to read.
2024-08-22 08:44:24,505 [Worker-1: Loading available Gradle versions] INFO  o.e.b.c.i.u.g.PublishedGradleVersions - Gradle version information cache is up-to-date. Trying to read.
2024-08-22 09:48:22,544 [Worker-31: Creating project "MavenDemo"] INFO  o.e.m.c.i.l.LifecycleMappingFactory - Using org.eclipse.m2e.jdt.JarLifecycleMapping lifecycle mapping for MavenProject: com.shristi.training:MavenDemo:0.0.1-SNAPSHOT @ D:\2021\apps\eclipseexamples\jfsjunbatch-java\MavenDemo\pom.xml.
2024-08-22 09:48:23,726 [Worker-31: Creating project "MavenDemo"] INFO  o.e.m.j.i.AbstractJavaProjectConfigurator - Adding source folder /MavenDemo/src/main/java
2024-08-22 09:48:23,728 [Worker-31: Creating project "MavenDemo"] INFO  o.e.m.j.i.AbstractJavaProjectConfigurator - Adding resource folder /MavenDemo/src/main/resources
2024-08-22 09:48:23,730 [Worker-31: Creating project "MavenDemo"] INFO  o.e.m.j.i.AbstractJavaProjectConfigurator - Adding source folder /MavenDemo/src/test/java
2024-08-22 09:48:23,731 [Worker-31: Creating project "MavenDemo"] INFO  o.e.m.j.i.AbstractJavaProjectConfigurator - Adding resource folder /MavenDemo/src/test/resources
2024-08-22 09:48:24,606 [Worker-32: Building] WARN  o.a.m.s.f.DefaultMavenResourcesFiltering - Using platform encoding (Cp1252 actually) to copy filtered resources, i.e. build is platform dependent!
2024-08-22 09:48:24,614 [Worker-32: Building] INFO  o.a.m.s.f.DefaultMavenResourcesFiltering - Copying 0 resource from src\main\resources to target\classes
2024-08-22 09:48:24,620 [Worker-32: Building] WARN  o.a.m.s.f.DefaultMavenResourcesFiltering - Using platform encoding (Cp1252 actually) to copy filtered resources, i.e. build is platform dependent!
2024-08-22 09:48:24,622 [Worker-32: Building] INFO  o.a.m.s.f.DefaultMavenResourcesFiltering - Copying 0 resource from src\test\resources to target\test-classes
2024-08-22 10:00:21,203 [Worker-39: Building] INFO  o.e.m.c.i.l.LifecycleMappingFactory - Using org.eclipse.m2e.jdt.JarLifecycleMapping lifecycle mapping for MavenProject: com.shristi.training:MavenDemo:0.0.1-SNAPSHOT @ D:\2021\apps\eclipseexamples\jfsjunbatch-java\MavenDemo\pom.xml.
2024-08-22 10:00:21,237 [Worker-39: Building] WARN  o.e.m.c.i.embedder.EclipseLogger - The artifact mysql:mysql-connector-java:jar:8.0.33 has been relocated to com.mysql:mysql-connector-j:jar:8.0.33: MySQL Connector/J artifacts moved to reverse-DNS compliant Maven 2+ coordinates.
2024-08-22 10:00:21,497 [Worker-39: Building] WARN  o.a.m.s.f.DefaultMavenResourcesFiltering - Using platform encoding (Cp1252 actually) to copy filtered resources, i.e. build is platform dependent!
2024-08-22 10:00:21,500 [Worker-39: Building] INFO  o.a.m.s.f.DefaultMavenResourcesFiltering - Copying 0 resource from src\main\resources to target\classes
2024-08-22 10:00:21,505 [Worker-39: Building] WARN  o.a.m.s.f.DefaultMavenResourcesFiltering - Using platform encoding (Cp1252 actually) to copy filtered resources, i.e. build is platform dependent!
2024-08-22 10:00:21,506 [Worker-39: Building] INFO  o.a.m.s.f.DefaultMavenResourcesFiltering - Copying 0 resource from src\test\resources to target\test-classes
2024-08-22 10:04:06,398 [Worker-43: Building] WARN  o.a.m.s.f.DefaultMavenResourcesFiltering - Using platform encoding (Cp1252 actually) to copy filtered resources, i.e. build is platform dependent!
2024-08-22 10:04:06,400 [Worker-43: Building] INFO  o.a.m.s.f.DefaultMavenResourcesFiltering - Copying 0 resource from src\main\resources to target\classes
2024-08-22 10:04:06,402 [Worker-43: Building] WARN  o.a.m.s.f.DefaultMavenResourcesFiltering - Using platform encoding (Cp1252 actually) to copy filtered resources, i.e. build is platform dependent!
2024-08-22 10:04:06,403 [Worker-43: Building] INFO  o.a.m.s.f.DefaultMavenResourcesFiltering - Copying 0 resource from src\test\resources to target\test-classes
2024-08-22 10:04:29,723 [Worker-43: Building] WARN  o.a.m.s.f.DefaultMavenResourcesFiltering - Using platform encoding (Cp1252 actually) to copy filtered resources, i.e. build is platform dependent!
2024-08-22 10:04:29,725 [Worker-43: Building] INFO  o.a.m.s.f.DefaultMavenResourcesFiltering - Copying 0 resource from src\main\resources to target\classes
2024-08-22 10:04:29,730 [Worker-43: Building] WARN  o.a.m.s.f.DefaultMavenResourcesFiltering - Using platform encoding (Cp1252 actually) to copy filtered resources, i.e. build is platform dependent!
2024-08-22 10:04:29,731 [Worker-43: Building] INFO  o.a.m.s.f.DefaultMavenResourcesFiltering - Copying 0 resource from src\test\resources to target\test-classes
2024-08-22 10:04:38,053 [Worker-43: Building] WARN  o.a.m.s.f.DefaultMavenResourcesFiltering - Using platform encoding (Cp1252 actually) to copy filtered resources, i.e. build is platform dependent!
2024-08-22 10:04:38,055 [Worker-43: Building] INFO  o.a.m.s.f.DefaultMavenResourcesFiltering - Copying 0 resource from src\main\resources to target\classes
2024-08-22 10:04:38,060 [Worker-43: Building] WARN  o.a.m.s.f.DefaultMavenResourcesFiltering - Using platform encoding (Cp1252 actually) to copy filtered resources, i.e. build is platform dependent!
2024-08-22 10:04:38,062 [Worker-43: Building] INFO  o.a.m.s.f.DefaultMavenResourcesFiltering - Copying 0 resource from src\test\resources to target\test-classes
2024-08-22 10:06:12,201 [main] INFO  o.e.m2e.actions.ExecutePomAction - Creating new launch configuration
2024-08-22 10:09:38,204 [Worker-39: Launching Executing clean in D__2021_apps_eclipseexamples_jfsjunbatch-java_MavenDemo] INFO  o.eclipse.m2e.core.internal.Bundles - getClasspathEntries(Bundle=org.eclipse.m2e.maven.runtime_3.9.500.20231113-2345 [626])
2024-08-22 10:09:38,206 [Worker-39: Launching Executing clean in D__2021_apps_eclipseexamples_jfsjunbatch-java_MavenDemo] INFO  o.eclipse.m2e.core.internal.Bundles - 	Entry: C:\Users\spriy\.p2\pool\plugins\org.eclipse.m2e.maven.runtime_3.9.500.20231113-2345
2024-08-22 10:09:38,206 [Worker-39: Launching Executing clean in D__2021_apps_eclipseexamples_jfsjunbatch-java_MavenDemo] INFO  o.eclipse.m2e.core.internal.Bundles - 	Entry: C:\Users\spriy\.p2\pool\plugins\org.eclipse.m2e.maven.runtime_3.9.500.20231113-2345\jars\aopalliance-1.0.jar
2024-08-22 10:09:38,206 [Worker-39: Launching Executing clean in D__2021_apps_eclipseexamples_jfsjunbatch-java_MavenDemo] INFO  o.eclipse.m2e.core.internal.Bundles - 	Entry: C:\Users\spriy\.p2\pool\plugins\org.eclipse.m2e.maven.runtime_3.9.500.20231113-2345\jars\guice-5.1.0.jar
2024-08-22 10:09:38,207 [Worker-39: Launching Executing clean in D__2021_apps_eclipseexamples_jfsjunbatch-java_MavenDemo] INFO  o.eclipse.m2e.core.internal.Bundles - 	Entry: C:\Users\spriy\.p2\pool\plugins\org.eclipse.m2e.maven.runtime_3.9.500.20231113-2345\jars\httpclient-4.5.14.jar
2024-08-22 10:09:38,207 [Worker-39: Launching Executing clean in D__2021_apps_eclipseexamples_jfsjunbatch-java_MavenDemo] INFO  o.eclipse.m2e.core.internal.Bundles - 	Entry: C:\Users\spriy\.p2\pool\plugins\org.eclipse.m2e.maven.runtime_3.9.500.20231113-2345\jars\httpcore-4.4.16.jar
2024-08-22 10:09:38,207 [Worker-39: Launching Executing clean in D__2021_apps_eclipseexamples_jfsjunbatch-java_MavenDemo] INFO  o.eclipse.m2e.core.internal.Bundles - 	Entry: C:\Users\spriy\.p2\pool\plugins\org.eclipse.m2e.maven.runtime_3.9.500.20231113-2345\jars\jansi-2.4.0.jar
2024-08-22 10:09:38,207 [Worker-39: Launching Executing clean in D__2021_apps_eclipseexamples_jfsjunbatch-java_MavenDemo] INFO  o.eclipse.m2e.core.internal.Bundles - 	Entry: C:\Users\spriy\.p2\pool\plugins\org.eclipse.m2e.maven.runtime_3.9.500.20231113-2345\jars\jcl-over-slf4j-1.7.36.jar
2024-08-22 10:09:38,208 [Worker-39: Launching Executing clean in D__2021_apps_eclipseexamples_jfsjunbatch-java_MavenDemo] INFO  o.eclipse.m2e.core.internal.Bundles - 	Entry: C:\Users\spriy\.p2\pool\plugins\org.eclipse.m2e.maven.runtime_3.9.500.20231113-2345\jars\maven-artifact-3.9.5.jar
2024-08-22 10:09:38,208 [Worker-39: Launching Executing clean in D__2021_apps_eclipseexamples_jfsjunbatch-java_MavenDemo] INFO  o.eclipse.m2e.core.internal.Bundles - 	Entry: C:\Users\spriy\.p2\pool\plugins\org.eclipse.m2e.maven.runtime_3.9.500.20231113-2345\jars\maven-builder-support-3.9.5.jar
2024-08-22 10:09:38,208 [Worker-39: Launching Executing clean in D__2021_apps_eclipseexamples_jfsjunbatch-java_MavenDemo] INFO  o.eclipse.m2e.core.internal.Bundles - 	Entry: C:\Users\spriy\.p2\pool\plugins\org.eclipse.m2e.maven.runtime_3.9.500.20231113-2345\jars\maven-compat-3.9.5.jar
2024-08-22 10:09:38,208 [Worker-39: Launching Executing clean in D__2021_apps_eclipseexamples_jfsjunbatch-java_MavenDemo] INFO  o.eclipse.m2e.core.internal.Bundles - 	Entry: C:\Users\spriy\.p2\pool\plugins\org.eclipse.m2e.maven.runtime_3.9.500.20231113-2345\jars\maven-core-3.9.5.jar
2024-08-22 10:09:38,208 [Worker-39: Launching Executing clean in D__2021_apps_eclipseexamples_jfsjunbatch-java_MavenDemo] INFO  o.eclipse.m2e.core.internal.Bundles - 	Entry: C:\Users\spriy\.p2\pool\plugins\org.eclipse.m2e.maven.runtime_3.9.500.20231113-2345\jars\maven-embedder-3.9.5.jar
2024-08-22 10:09:38,209 [Worker-39: Launching Executing clean in D__2021_apps_eclipseexamples_jfsjunbatch-java_MavenDemo] INFO  o.eclipse.m2e.core.internal.Bundles - 	Entry: C:\Users\spriy\.p2\pool\plugins\org.eclipse.m2e.maven.runtime_3.9.500.20231113-2345\jars\maven-model-3.9.5.jar
2024-08-22 10:09:38,209 [Worker-39: Launching Executing clean in D__2021_apps_eclipseexamples_jfsjunbatch-java_MavenDemo] INFO  o.eclipse.m2e.core.internal.Bundles - 	Entry: C:\Users\spriy\.p2\pool\plugins\org.eclipse.m2e.maven.runtime_3.9.500.20231113-2345\jars\maven-model-builder-3.9.5.jar
2024-08-22 10:09:38,209 [Worker-39: Launching Executing clean in D__2021_apps_eclipseexamples_jfsjunbatch-java_MavenDemo] INFO  o.eclipse.m2e.core.internal.Bundles - 	Entry: C:\Users\spriy\.p2\pool\plugins\org.eclipse.m2e.maven.runtime_3.9.500.20231113-2345\jars\maven-plugin-api-3.9.5.jar
2024-08-22 10:09:38,209 [Worker-39: Launching Executing clean in D__2021_apps_eclipseexamples_jfsjunbatch-java_MavenDemo] INFO  o.eclipse.m2e.core.internal.Bundles - 	Entry: C:\Users\spriy\.p2\pool\plugins\org.eclipse.m2e.maven.runtime_3.9.500.20231113-2345\jars\maven-repository-metadata-3.9.5.jar
2024-08-22 10:09:38,209 [Worker-39: Launching Executing clean in D__2021_apps_eclipseexamples_jfsjunbatch-java_MavenDemo] INFO  o.eclipse.m2e.core.internal.Bundles - 	Entry: C:\Users\spriy\.p2\pool\plugins\org.eclipse.m2e.maven.runtime_3.9.500.20231113-2345\jars\maven-resolver-api-1.9.16.jar
2024-08-22 10:09:38,209 [Worker-39: Launching Executing clean in D__2021_apps_eclipseexamples_jfsjunbatch-java_MavenDemo] INFO  o.eclipse.m2e.core.internal.Bundles - 	Entry: C:\Users\spriy\.p2\pool\plugins\org.eclipse.m2e.maven.runtime_3.9.500.20231113-2345\jars\maven-resolver-connector-basic-1.9.16.jar
2024-08-22 10:09:38,210 [Worker-39: Launching Executing clean in D__2021_apps_eclipseexamples_jfsjunbatch-java_MavenDemo] INFO  o.eclipse.m2e.core.internal.Bundles - 	Entry: C:\Users\spriy\.p2\pool\plugins\org.eclipse.m2e.maven.runtime_3.9.500.20231113-2345\jars\maven-resolver-impl-1.9.16.jar
2024-08-22 10:09:38,210 [Worker-39: Launching Executing clean in D__2021_apps_eclipseexamples_jfsjunbatch-java_MavenDemo] INFO  o.eclipse.m2e.core.internal.Bundles - 	Entry: C:\Users\spriy\.p2\pool\plugins\org.eclipse.m2e.maven.runtime_3.9.500.20231113-2345\jars\maven-resolver-named-locks-1.9.16.jar
2024-08-22 10:09:38,211 [Worker-39: Launching Executing clean in D__2021_apps_eclipseexamples_jfsjunbatch-java_MavenDemo] INFO  o.eclipse.m2e.core.internal.Bundles - 	Entry: C:\Users\spriy\.p2\pool\plugins\org.eclipse.m2e.maven.runtime_3.9.500.20231113-2345\jars\maven-resolver-provider-3.9.5.jar
2024-08-22 10:09:38,211 [Worker-39: Launching Executing clean in D__2021_apps_eclipseexamples_jfsjunbatch-java_MavenDemo] INFO  o.eclipse.m2e.core.internal.Bundles - 	Entry: C:\Users\spriy\.p2\pool\plugins\org.eclipse.m2e.maven.runtime_3.9.500.20231113-2345\jars\maven-resolver-spi-1.9.16.jar
2024-08-22 10:09:38,211 [Worker-39: Launching Executing clean in D__2021_apps_eclipseexamples_jfsjunbatch-java_MavenDemo] INFO  o.eclipse.m2e.core.internal.Bundles - 	Entry: C:\Users\spriy\.p2\pool\plugins\org.eclipse.m2e.maven.runtime_3.9.500.20231113-2345\jars\maven-resolver-transport-file-1.9.16.jar
2024-08-22 10:09:38,212 [Worker-39: Launching Executing clean in D__2021_apps_eclipseexamples_jfsjunbatch-java_MavenDemo] INFO  o.eclipse.m2e.core.internal.Bundles - 	Entry: C:\Users\spriy\.p2\pool\plugins\org.eclipse.m2e.maven.runtime_3.9.500.20231113-2345\jars\maven-resolver-transport-http-1.9.16.jar
2024-08-22 10:09:38,212 [Worker-39: Launching Executing clean in D__2021_apps_eclipseexamples_jfsjunbatch-java_MavenDemo] INFO  o.eclipse.m2e.core.internal.Bundles - 	Entry: C:\Users\spriy\.p2\pool\plugins\org.eclipse.m2e.maven.runtime_3.9.500.20231113-2345\jars\maven-resolver-transport-wagon-1.9.16.jar
2024-08-22 10:09:38,212 [Worker-39: Launching Executing clean in D__2021_apps_eclipseexamples_jfsjunbatch-java_MavenDemo] INFO  o.eclipse.m2e.core.internal.Bundles - 	Entry: C:\Users\spriy\.p2\pool\plugins\org.eclipse.m2e.maven.runtime_3.9.500.20231113-2345\jars\maven-resolver-util-1.9.16.jar
2024-08-22 10:09:38,212 [Worker-39: Launching Executing clean in D__2021_apps_eclipseexamples_jfsjunbatch-java_MavenDemo] INFO  o.eclipse.m2e.core.internal.Bundles - 	Entry: C:\Users\spriy\.p2\pool\plugins\org.eclipse.m2e.maven.runtime_3.9.500.20231113-2345\jars\maven-settings-3.9.5.jar
2024-08-22 10:09:38,212 [Worker-39: Launching Executing clean in D__2021_apps_eclipseexamples_jfsjunbatch-java_MavenDemo] INFO  o.eclipse.m2e.core.internal.Bundles - 	Entry: C:\Users\spriy\.p2\pool\plugins\org.eclipse.m2e.maven.runtime_3.9.500.20231113-2345\jars\maven-settings-builder-3.9.5.jar
2024-08-22 10:09:38,212 [Worker-39: Launching Executing clean in D__2021_apps_eclipseexamples_jfsjunbatch-java_MavenDemo] INFO  o.eclipse.m2e.core.internal.Bundles - 	Entry: C:\Users\spriy\.p2\pool\plugins\org.eclipse.m2e.maven.runtime_3.9.500.20231113-2345\jars\maven-shared-utils-3.3.4.jar
2024-08-22 10:09:38,212 [Worker-39: Launching Executing clean in D__2021_apps_eclipseexamples_jfsjunbatch-java_MavenDemo] INFO  o.eclipse.m2e.core.internal.Bundles - 	Entry: C:\Users\spriy\.p2\pool\plugins\org.eclipse.m2e.maven.runtime_3.9.500.20231113-2345\jars\org.eclipse.sisu.inject-0.3.5.jar
2024-08-22 10:09:38,212 [Worker-39: Launching Executing clean in D__2021_apps_eclipseexamples_jfsjunbatch-java_MavenDemo] INFO  o.eclipse.m2e.core.internal.Bundles - 	Entry: C:\Users\spriy\.p2\pool\plugins\org.eclipse.m2e.maven.runtime_3.9.500.20231113-2345\jars\org.eclipse.sisu.plexus-0.3.5.jar
2024-08-22 10:09:38,212 [Worker-39: Launching Executing clean in D__2021_apps_eclipseexamples_jfsjunbatch-java_MavenDemo] INFO  o.eclipse.m2e.core.internal.Bundles - 	Entry: C:\Users\spriy\.p2\pool\plugins\org.eclipse.m2e.maven.runtime_3.9.500.20231113-2345\jars\plexus-build-api-0.0.7.jar
2024-08-22 10:09:38,212 [Worker-39: Launching Executing clean in D__2021_apps_eclipseexamples_jfsjunbatch-java_MavenDemo] INFO  o.eclipse.m2e.core.internal.Bundles - 	Entry: C:\Users\spriy\.p2\pool\plugins\org.eclipse.m2e.maven.runtime_3.9.500.20231113-2345\jars\plexus-cipher-2.0.jar
2024-08-22 10:09:38,214 [Worker-39: Launching Executing clean in D__2021_apps_eclipseexamples_jfsjunbatch-java_MavenDemo] INFO  o.eclipse.m2e.core.internal.Bundles - 	Entry: C:\Users\spriy\.p2\pool\plugins\org.eclipse.m2e.maven.runtime_3.9.500.20231113-2345\jars\plexus-classworlds-2.7.0.jar
2024-08-22 10:09:38,214 [Worker-39: Launching Executing clean in D__2021_apps_eclipseexamples_jfsjunbatch-java_MavenDemo] INFO  o.eclipse.m2e.core.internal.Bundles - 	Entry: C:\Users\spriy\.p2\pool\plugins\org.eclipse.m2e.maven.runtime_3.9.500.20231113-2345\jars\plexus-component-annotations-2.1.0.jar
2024-08-22 10:09:38,214 [Worker-39: Launching Executing clean in D__2021_apps_eclipseexamples_jfsjunbatch-java_MavenDemo] INFO  o.eclipse.m2e.core.internal.Bundles - 	Entry: C:\Users\spriy\.p2\pool\plugins\org.eclipse.m2e.maven.runtime_3.9.500.20231113-2345\jars\plexus-interpolation-1.26.jar
2024-08-22 10:09:38,214 [Worker-39: Launching Executing clean in D__2021_apps_eclipseexamples_jfsjunbatch-java_MavenDemo] INFO  o.eclipse.m2e.core.internal.Bundles - 	Entry: C:\Users\spriy\.p2\pool\plugins\org.eclipse.m2e.maven.runtime_3.9.500.20231113-2345\jars\plexus-sec-dispatcher-2.0.jar
2024-08-22 10:09:38,214 [Worker-39: Launching Executing clean in D__2021_apps_eclipseexamples_jfsjunbatch-java_MavenDemo] INFO  o.eclipse.m2e.core.internal.Bundles - 	Entry: C:\Users\spriy\.p2\pool\plugins\org.eclipse.m2e.maven.runtime_3.9.500.20231113-2345\jars\plexus-utils-3.5.1.jar
2024-08-22 10:09:38,214 [Worker-39: Launching Executing clean in D__2021_apps_eclipseexamples_jfsjunbatch-java_MavenDemo] INFO  o.eclipse.m2e.core.internal.Bundles - 	Entry: C:\Users\spriy\.p2\pool\plugins\org.eclipse.m2e.maven.runtime_3.9.500.20231113-2345\jars\wagon-file-3.5.3.jar
2024-08-22 10:09:38,214 [Worker-39: Launching Executing clean in D__2021_apps_eclipseexamples_jfsjunbatch-java_MavenDemo] INFO  o.eclipse.m2e.core.internal.Bundles - 	Entry: C:\Users\spriy\.p2\pool\plugins\org.eclipse.m2e.maven.runtime_3.9.500.20231113-2345\jars\wagon-http-3.5.3.jar
2024-08-22 10:09:38,214 [Worker-39: Launching Executing clean in D__2021_apps_eclipseexamples_jfsjunbatch-java_MavenDemo] INFO  o.eclipse.m2e.core.internal.Bundles - 	Entry: C:\Users\spriy\.p2\pool\plugins\org.eclipse.m2e.maven.runtime_3.9.500.20231113-2345\jars\wagon-http-shared-3.5.3.jar
2024-08-22 10:09:38,215 [Worker-39: Launching Executing clean in D__2021_apps_eclipseexamples_jfsjunbatch-java_MavenDemo] INFO  o.eclipse.m2e.core.internal.Bundles - 	Entry: C:\Users\spriy\.p2\pool\plugins\org.eclipse.m2e.maven.runtime_3.9.500.20231113-2345\jars\wagon-provider-api-3.5.3.jar
2024-08-22 10:09:38,216 [Worker-39: Launching Executing clean in D__2021_apps_eclipseexamples_jfsjunbatch-java_MavenDemo] INFO  o.eclipse.m2e.core.internal.Bundles - getClasspathEntries(Bundle=com.google.guava_32.1.3.jre [12])
2024-08-22 10:09:38,216 [Worker-39: Launching Executing clean in D__2021_apps_eclipseexamples_jfsjunbatch-java_MavenDemo] INFO  o.eclipse.m2e.core.internal.Bundles - 	Entry: C:\Users\spriy\.p2\pool\plugins\com.google.guava_32.1.3.jre.jar
2024-08-22 10:09:38,216 [Worker-39: Launching Executing clean in D__2021_apps_eclipseexamples_jfsjunbatch-java_MavenDemo] INFO  o.eclipse.m2e.core.internal.Bundles - getClasspathEntries(Bundle=slf4j.api_2.0.11 [986])
2024-08-22 10:09:38,216 [Worker-39: Launching Executing clean in D__2021_apps_eclipseexamples_jfsjunbatch-java_MavenDemo] INFO  o.eclipse.m2e.core.internal.Bundles - 	Entry: C:\Users\spriy\.p2\pool\plugins\slf4j.api_2.0.11.jar
2024-08-22 10:09:38,216 [Worker-39: Launching Executing clean in D__2021_apps_eclipseexamples_jfsjunbatch-java_MavenDemo] INFO  o.eclipse.m2e.core.internal.Bundles - getClasspathEntries(Bundle=jakarta.inject.jakarta.inject-api_1.0.5 [29])
2024-08-22 10:09:38,217 [Worker-39: Launching Executing clean in D__2021_apps_eclipseexamples_jfsjunbatch-java_MavenDemo] INFO  o.eclipse.m2e.core.internal.Bundles - 	Entry: C:\Users\spriy\.p2\pool\plugins\jakarta.inject.jakarta.inject-api_1.0.5.jar
2024-08-22 10:09:38,217 [Worker-39: Launching Executing clean in D__2021_apps_eclipseexamples_jfsjunbatch-java_MavenDemo] INFO  o.eclipse.m2e.core.internal.Bundles - getClasspathEntries(Bundle=jakarta.annotation-api_1.3.5 [24])
2024-08-22 10:09:38,217 [Worker-39: Launching Executing clean in D__2021_apps_eclipseexamples_jfsjunbatch-java_MavenDemo] INFO  o.eclipse.m2e.core.internal.Bundles - 	Entry: C:\Users\spriy\.p2\pool\plugins\jakarta.annotation-api_1.3.5.jar
2024-08-22 10:09:38,217 [Worker-39: Launching Executing clean in D__2021_apps_eclipseexamples_jfsjunbatch-java_MavenDemo] INFO  o.eclipse.m2e.core.internal.Bundles - getClasspathEntries(Bundle=org.apache.commons.cli_1.6.0 [71])
2024-08-22 10:09:38,217 [Worker-39: Launching Executing clean in D__2021_apps_eclipseexamples_jfsjunbatch-java_MavenDemo] INFO  o.eclipse.m2e.core.internal.Bundles - 	Entry: C:\Users\spriy\.p2\pool\plugins\org.apache.commons.cli_1.6.0.jar
2024-08-22 10:09:38,218 [Worker-39: Launching Executing clean in D__2021_apps_eclipseexamples_jfsjunbatch-java_MavenDemo] INFO  o.eclipse.m2e.core.internal.Bundles - getClasspathEntries(Bundle=org.apache.commons.commons-codec_1.16.0 [75])
2024-08-22 10:09:38,218 [Worker-39: Launching Executing clean in D__2021_apps_eclipseexamples_jfsjunbatch-java_MavenDemo] INFO  o.eclipse.m2e.core.internal.Bundles - 	Entry: C:\Users\spriy\.p2\pool\plugins\org.apache.commons.commons-codec_1.16.0.jar
2024-08-22 10:09:38,218 [Worker-39: Launching Executing clean in D__2021_apps_eclipseexamples_jfsjunbatch-java_MavenDemo] INFO  o.eclipse.m2e.core.internal.Bundles - getClasspathEntries(Bundle=org.apache.commons.lang3_3.13.0 [82])
2024-08-22 10:09:38,219 [Worker-39: Launching Executing clean in D__2021_apps_eclipseexamples_jfsjunbatch-java_MavenDemo] INFO  o.eclipse.m2e.core.internal.Bundles - 	Entry: C:\Users\spriy\.p2\pool\plugins\org.apache.commons.lang3_3.13.0.jar
2024-08-22 10:09:38,219 [Worker-39: Launching Executing clean in D__2021_apps_eclipseexamples_jfsjunbatch-java_MavenDemo] INFO  o.eclipse.m2e.core.internal.Bundles - getClasspathEntries(Bundle=com.google.guava.failureaccess_1.0.2 [13])
2024-08-22 10:09:38,219 [Worker-39: Launching Executing clean in D__2021_apps_eclipseexamples_jfsjunbatch-java_MavenDemo] INFO  o.eclipse.m2e.core.internal.Bundles - 	Entry: C:\Users\spriy\.p2\pool\plugins\com.google.guava.failureaccess_1.0.2.jar
2024-08-22 10:09:38,223 [Worker-39: Launching Executing clean in D__2021_apps_eclipseexamples_jfsjunbatch-java_MavenDemo] INFO  o.e.m.i.launch.MavenLaunchDelegate - Run build in "D:\2021\apps\eclipseexamples\jfsjunbatch-java\MavenDemo":
2024-08-22 10:09:38,224 [Worker-39: Launching Executing clean in D__2021_apps_eclipseexamples_jfsjunbatch-java_MavenDemo] INFO  o.e.m.i.launch.MavenLaunchDelegate -  mvn  -B -Dstyle.color=always clean
2024-08-22 10:10:37,068 [main] INFO  o.e.m2e.actions.ExecutePomAction - Creating new launch configuration
2024-08-22 10:10:59,591 [Worker-39: Launching MavenDemo (1)] INFO  o.eclipse.m2e.core.internal.Bundles - getClasspathEntries(Bundle=org.eclipse.m2e.maven.runtime_3.9.500.20231113-2345 [626])
2024-08-22 10:10:59,591 [Worker-39: Launching MavenDemo (1)] INFO  o.eclipse.m2e.core.internal.Bundles - 	Entry: C:\Users\spriy\.p2\pool\plugins\org.eclipse.m2e.maven.runtime_3.9.500.20231113-2345
2024-08-22 10:10:59,593 [Worker-39: Launching MavenDemo (1)] INFO  o.eclipse.m2e.core.internal.Bundles - 	Entry: C:\Users\spriy\.p2\pool\plugins\org.eclipse.m2e.maven.runtime_3.9.500.20231113-2345\jars\aopalliance-1.0.jar
2024-08-22 10:10:59,593 [Worker-39: Launching MavenDemo (1)] INFO  o.eclipse.m2e.core.internal.Bundles - 	Entry: C:\Users\spriy\.p2\pool\plugins\org.eclipse.m2e.maven.runtime_3.9.500.20231113-2345\jars\guice-5.1.0.jar
2024-08-22 10:10:59,593 [Worker-39: Launching MavenDemo (1)] INFO  o.eclipse.m2e.core.internal.Bundles - 	Entry: C:\Users\spriy\.p2\pool\plugins\org.eclipse.m2e.maven.runtime_3.9.500.20231113-2345\jars\httpclient-4.5.14.jar
2024-08-22 10:10:59,593 [Worker-39: Launching MavenDemo (1)] INFO  o.eclipse.m2e.core.internal.Bundles - 	Entry: C:\Users\spriy\.p2\pool\plugins\org.eclipse.m2e.maven.runtime_3.9.500.20231113-2345\jars\httpcore-4.4.16.jar
2024-08-22 10:10:59,593 [Worker-39: Launching MavenDemo (1)] INFO  o.eclipse.m2e.core.internal.Bundles - 	Entry: C:\Users\spriy\.p2\pool\plugins\org.eclipse.m2e.maven.runtime_3.9.500.20231113-2345\jars\jansi-2.4.0.jar
2024-08-22 10:10:59,593 [Worker-39: Launching MavenDemo (1)] INFO  o.eclipse.m2e.core.internal.Bundles - 	Entry: C:\Users\spriy\.p2\pool\plugins\org.eclipse.m2e.maven.runtime_3.9.500.20231113-2345\jars\jcl-over-slf4j-1.7.36.jar
2024-08-22 10:10:59,593 [Worker-39: Launching MavenDemo (1)] INFO  o.eclipse.m2e.core.internal.Bundles - 	Entry: C:\Users\spriy\.p2\pool\plugins\org.eclipse.m2e.maven.runtime_3.9.500.20231113-2345\jars\maven-artifact-3.9.5.jar
2024-08-22 10:10:59,593 [Worker-39: Launching MavenDemo (1)] INFO  o.eclipse.m2e.core.internal.Bundles - 	Entry: C:\Users\spriy\.p2\pool\plugins\org.eclipse.m2e.maven.runtime_3.9.500.20231113-2345\jars\maven-builder-support-3.9.5.jar
2024-08-22 10:10:59,593 [Worker-39: Launching MavenDemo (1)] INFO  o.eclipse.m2e.core.internal.Bundles - 	Entry: C:\Users\spriy\.p2\pool\plugins\org.eclipse.m2e.maven.runtime_3.9.500.20231113-2345\jars\maven-compat-3.9.5.jar
2024-08-22 10:10:59,593 [Worker-39: Launching MavenDemo (1)] INFO  o.eclipse.m2e.core.internal.Bundles - 	Entry: C:\Users\spriy\.p2\pool\plugins\org.eclipse.m2e.maven.runtime_3.9.500.20231113-2345\jars\maven-core-3.9.5.jar
2024-08-22 10:10:59,593 [Worker-39: Launching MavenDemo (1)] INFO  o.eclipse.m2e.core.internal.Bundles - 	Entry: C:\Users\spriy\.p2\pool\plugins\org.eclipse.m2e.maven.runtime_3.9.500.20231113-2345\jars\maven-embedder-3.9.5.jar
2024-08-22 10:10:59,593 [Worker-39: Launching MavenDemo (1)] INFO  o.eclipse.m2e.core.internal.Bundles - 	Entry: C:\Users\spriy\.p2\pool\plugins\org.eclipse.m2e.maven.runtime_3.9.500.20231113-2345\jars\maven-model-3.9.5.jar
2024-08-22 10:10:59,593 [Worker-39: Launching MavenDemo (1)] INFO  o.eclipse.m2e.core.internal.Bundles - 	Entry: C:\Users\spriy\.p2\pool\plugins\org.eclipse.m2e.maven.runtime_3.9.500.20231113-2345\jars\maven-model-builder-3.9.5.jar
2024-08-22 10:10:59,593 [Worker-39: Launching MavenDemo (1)] INFO  o.eclipse.m2e.core.internal.Bundles - 	Entry: C:\Users\spriy\.p2\pool\plugins\org.eclipse.m2e.maven.runtime_3.9.500.20231113-2345\jars\maven-plugin-api-3.9.5.jar
2024-08-22 10:10:59,594 [Worker-39: Launching MavenDemo (1)] INFO  o.eclipse.m2e.core.internal.Bundles - 	Entry: C:\Users\spriy\.p2\pool\plugins\org.eclipse.m2e.maven.runtime_3.9.500.20231113-2345\jars\maven-repository-metadata-3.9.5.jar
2024-08-22 10:10:59,594 [Worker-39: Launching MavenDemo (1)] INFO  o.eclipse.m2e.core.internal.Bundles - 	Entry: C:\Users\spriy\.p2\pool\plugins\org.eclipse.m2e.maven.runtime_3.9.500.20231113-2345\jars\maven-resolver-api-1.9.16.jar
2024-08-22 10:10:59,594 [Worker-39: Launching MavenDemo (1)] INFO  o.eclipse.m2e.core.internal.Bundles - 	Entry: C:\Users\spriy\.p2\pool\plugins\org.eclipse.m2e.maven.runtime_3.9.500.20231113-2345\jars\maven-resolver-connector-basic-1.9.16.jar
2024-08-22 10:10:59,594 [Worker-39: Launching MavenDemo (1)] INFO  o.eclipse.m2e.core.internal.Bundles - 	Entry: C:\Users\spriy\.p2\pool\plugins\org.eclipse.m2e.maven.runtime_3.9.500.20231113-2345\jars\maven-resolver-impl-1.9.16.jar
2024-08-22 10:10:59,594 [Worker-39: Launching MavenDemo (1)] INFO  o.eclipse.m2e.core.internal.Bundles - 	Entry: C:\Users\spriy\.p2\pool\plugins\org.eclipse.m2e.maven.runtime_3.9.500.20231113-2345\jars\maven-resolver-named-locks-1.9.16.jar
2024-08-22 10:10:59,594 [Worker-39: Launching MavenDemo (1)] INFO  o.eclipse.m2e.core.internal.Bundles - 	Entry: C:\Users\spriy\.p2\pool\plugins\org.eclipse.m2e.maven.runtime_3.9.500.20231113-2345\jars\maven-resolver-provider-3.9.5.jar
2024-08-22 10:10:59,594 [Worker-39: Launching MavenDemo (1)] INFO  o.eclipse.m2e.core.internal.Bundles - 	Entry: C:\Users\spriy\.p2\pool\plugins\org.eclipse.m2e.maven.runtime_3.9.500.20231113-2345\jars\maven-resolver-spi-1.9.16.jar
2024-08-22 10:10:59,594 [Worker-39: Launching MavenDemo (1)] INFO  o.eclipse.m2e.core.internal.Bundles - 	Entry: C:\Users\spriy\.p2\pool\plugins\org.eclipse.m2e.maven.runtime_3.9.500.20231113-2345\jars\maven-resolver-transport-file-1.9.16.jar
2024-08-22 10:10:59,595 [Worker-39: Launching MavenDemo (1)] INFO  o.eclipse.m2e.core.internal.Bundles - 	Entry: C:\Users\spriy\.p2\pool\plugins\org.eclipse.m2e.maven.runtime_3.9.500.20231113-2345\jars\maven-resolver-transport-http-1.9.16.jar
2024-08-22 10:10:59,595 [Worker-39: Launching MavenDemo (1)] INFO  o.eclipse.m2e.core.internal.Bundles - 	Entry: C:\Users\spriy\.p2\pool\plugins\org.eclipse.m2e.maven.runtime_3.9.500.20231113-2345\jars\maven-resolver-transport-wagon-1.9.16.jar
2024-08-22 10:10:59,595 [Worker-39: Launching MavenDemo (1)] INFO  o.eclipse.m2e.core.internal.Bundles - 	Entry: C:\Users\spriy\.p2\pool\plugins\org.eclipse.m2e.maven.runtime_3.9.500.20231113-2345\jars\maven-resolver-util-1.9.16.jar
2024-08-22 10:10:59,595 [Worker-39: Launching MavenDemo (1)] INFO  o.eclipse.m2e.core.internal.Bundles - 	Entry: C:\Users\spriy\.p2\pool\plugins\org.eclipse.m2e.maven.runtime_3.9.500.20231113-2345\jars\maven-settings-3.9.5.jar
2024-08-22 10:10:59,595 [Worker-39: Launching MavenDemo (1)] INFO  o.eclipse.m2e.core.internal.Bundles - 	Entry: C:\Users\spriy\.p2\pool\plugins\org.eclipse.m2e.maven.runtime_3.9.500.20231113-2345\jars\maven-settings-builder-3.9.5.jar
2024-08-22 10:10:59,595 [Worker-39: Launching MavenDemo (1)] INFO  o.eclipse.m2e.core.internal.Bundles - 	Entry: C:\Users\spriy\.p2\pool\plugins\org.eclipse.m2e.maven.runtime_3.9.500.20231113-2345\jars\maven-shared-utils-3.3.4.jar
2024-08-22 10:10:59,595 [Worker-39: Launching MavenDemo (1)] INFO  o.eclipse.m2e.core.internal.Bundles - 	Entry: C:\Users\spriy\.p2\pool\plugins\org.eclipse.m2e.maven.runtime_3.9.500.20231113-2345\jars\org.eclipse.sisu.inject-0.3.5.jar
2024-08-22 10:10:59,596 [Worker-39: Launching MavenDemo (1)] INFO  o.eclipse.m2e.core.internal.Bundles - 	Entry: C:\Users\spriy\.p2\pool\plugins\org.eclipse.m2e.maven.runtime_3.9.500.20231113-2345\jars\org.eclipse.sisu.plexus-0.3.5.jar
2024-08-22 10:10:59,596 [Worker-39: Launching MavenDemo (1)] INFO  o.eclipse.m2e.core.internal.Bundles - 	Entry: C:\Users\spriy\.p2\pool\plugins\org.eclipse.m2e.maven.runtime_3.9.500.20231113-2345\jars\plexus-build-api-0.0.7.jar
2024-08-22 10:10:59,596 [Worker-39: Launching MavenDemo (1)] INFO  o.eclipse.m2e.core.internal.Bundles - 	Entry: C:\Users\spriy\.p2\pool\plugins\org.eclipse.m2e.maven.runtime_3.9.500.20231113-2345\jars\plexus-cipher-2.0.jar
2024-08-22 10:10:59,596 [Worker-39: Launching MavenDemo (1)] INFO  o.eclipse.m2e.core.internal.Bundles - 	Entry: C:\Users\spriy\.p2\pool\plugins\org.eclipse.m2e.maven.runtime_3.9.500.20231113-2345\jars\plexus-classworlds-2.7.0.jar
2024-08-22 10:10:59,597 [Worker-39: Launching MavenDemo (1)] INFO  o.eclipse.m2e.core.internal.Bundles - 	Entry: C:\Users\spriy\.p2\pool\plugins\org.eclipse.m2e.maven.runtime_3.9.500.20231113-2345\jars\plexus-component-annotations-2.1.0.jar
2024-08-22 10:10:59,597 [Worker-39: Launching MavenDemo (1)] INFO  o.eclipse.m2e.core.internal.Bundles - 	Entry: C:\Users\spriy\.p2\pool\plugins\org.eclipse.m2e.maven.runtime_3.9.500.20231113-2345\jars\plexus-interpolation-1.26.jar
2024-08-22 10:10:59,597 [Worker-39: Launching MavenDemo (1)] INFO  o.eclipse.m2e.core.internal.Bundles - 	Entry: C:\Users\spriy\.p2\pool\plugins\org.eclipse.m2e.maven.runtime_3.9.500.20231113-2345\jars\plexus-sec-dispatcher-2.0.jar
2024-08-22 10:10:59,597 [Worker-39: Launching MavenDemo (1)] INFO  o.eclipse.m2e.core.internal.Bundles - 	Entry: C:\Users\spriy\.p2\pool\plugins\org.eclipse.m2e.maven.runtime_3.9.500.20231113-2345\jars\plexus-utils-3.5.1.jar
2024-08-22 10:10:59,597 [Worker-39: Launching MavenDemo (1)] INFO  o.eclipse.m2e.core.internal.Bundles - 	Entry: C:\Users\spriy\.p2\pool\plugins\org.eclipse.m2e.maven.runtime_3.9.500.20231113-2345\jars\wagon-file-3.5.3.jar
2024-08-22 10:10:59,597 [Worker-39: Launching MavenDemo (1)] INFO  o.eclipse.m2e.core.internal.Bundles - 	Entry: C:\Users\spriy\.p2\pool\plugins\org.eclipse.m2e.maven.runtime_3.9.500.20231113-2345\jars\wagon-http-3.5.3.jar
2024-08-22 10:10:59,597 [Worker-39: Launching MavenDemo (1)] INFO  o.eclipse.m2e.core.internal.Bundles - 	Entry: C:\Users\spriy\.p2\pool\plugins\org.eclipse.m2e.maven.runtime_3.9.500.20231113-2345\jars\wagon-http-shared-3.5.3.jar
2024-08-22 10:10:59,597 [Worker-39: Launching MavenDemo (1)] INFO  o.eclipse.m2e.core.internal.Bundles - 	Entry: C:\Users\spriy\.p2\pool\plugins\org.eclipse.m2e.maven.runtime_3.9.500.20231113-2345\jars\wagon-provider-api-3.5.3.jar
2024-08-22 10:10:59,597 [Worker-39: Launching MavenDemo (1)] INFO  o.eclipse.m2e.core.internal.Bundles - getClasspathEntries(Bundle=com.google.guava_32.1.3.jre [12])
2024-08-22 10:10:59,598 [Worker-39: Launching MavenDemo (1)] INFO  o.eclipse.m2e.core.internal.Bundles - 	Entry: C:\Users\spriy\.p2\pool\plugins\com.google.guava_32.1.3.jre.jar
2024-08-22 10:10:59,598 [Worker-39: Launching MavenDemo (1)] INFO  o.eclipse.m2e.core.internal.Bundles - getClasspathEntries(Bundle=slf4j.api_2.0.11 [986])
2024-08-22 10:10:59,598 [Worker-39: Launching MavenDemo (1)] INFO  o.eclipse.m2e.core.internal.Bundles - 	Entry: C:\Users\spriy\.p2\pool\plugins\slf4j.api_2.0.11.jar
2024-08-22 10:10:59,598 [Worker-39: Launching MavenDemo (1)] INFO  o.eclipse.m2e.core.internal.Bundles - getClasspathEntries(Bundle=jakarta.inject.jakarta.inject-api_1.0.5 [29])
2024-08-22 10:10:59,598 [Worker-39: Launching MavenDemo (1)] INFO  o.eclipse.m2e.core.internal.Bundles - 	Entry: C:\Users\spriy\.p2\pool\plugins\jakarta.inject.jakarta.inject-api_1.0.5.jar
2024-08-22 10:10:59,598 [Worker-39: Launching MavenDemo (1)] INFO  o.eclipse.m2e.core.internal.Bundles - getClasspathEntries(Bundle=jakarta.annotation-api_1.3.5 [24])
2024-08-22 10:10:59,598 [Worker-39: Launching MavenDemo (1)] INFO  o.eclipse.m2e.core.internal.Bundles - 	Entry: C:\Users\spriy\.p2\pool\plugins\jakarta.annotation-api_1.3.5.jar
2024-08-22 10:10:59,598 [Worker-39: Launching MavenDemo (1)] INFO  o.eclipse.m2e.core.internal.Bundles - getClasspathEntries(Bundle=org.apache.commons.cli_1.6.0 [71])
2024-08-22 10:10:59,599 [Worker-39: Launching MavenDemo (1)] INFO  o.eclipse.m2e.core.internal.Bundles - 	Entry: C:\Users\spriy\.p2\pool\plugins\org.apache.commons.cli_1.6.0.jar
2024-08-22 10:10:59,599 [Worker-39: Launching MavenDemo (1)] INFO  o.eclipse.m2e.core.internal.Bundles - getClasspathEntries(Bundle=org.apache.commons.commons-codec_1.16.0 [75])
2024-08-22 10:10:59,599 [Worker-39: Launching MavenDemo (1)] INFO  o.eclipse.m2e.core.internal.Bundles - 	Entry: C:\Users\spriy\.p2\pool\plugins\org.apache.commons.commons-codec_1.16.0.jar
2024-08-22 10:10:59,599 [Worker-39: Launching MavenDemo (1)] INFO  o.eclipse.m2e.core.internal.Bundles - getClasspathEntries(Bundle=org.apache.commons.lang3_3.13.0 [82])
2024-08-22 10:10:59,599 [Worker-39: Launching MavenDemo (1)] INFO  o.eclipse.m2e.core.internal.Bundles - 	Entry: C:\Users\spriy\.p2\pool\plugins\org.apache.commons.lang3_3.13.0.jar
2024-08-22 10:10:59,599 [Worker-39: Launching MavenDemo (1)] INFO  o.eclipse.m2e.core.internal.Bundles - getClasspathEntries(Bundle=com.google.guava.failureaccess_1.0.2 [13])
2024-08-22 10:10:59,599 [Worker-39: Launching MavenDemo (1)] INFO  o.eclipse.m2e.core.internal.Bundles - 	Entry: C:\Users\spriy\.p2\pool\plugins\com.google.guava.failureaccess_1.0.2.jar
2024-08-22 10:10:59,600 [Worker-39: Launching MavenDemo (1)] INFO  o.e.m.i.launch.MavenLaunchDelegate - Run build in "D:\2021\apps\eclipseexamples\jfsjunbatch-java\MavenDemo":
2024-08-22 10:10:59,600 [Worker-39: Launching MavenDemo (1)] INFO  o.e.m.i.launch.MavenLaunchDelegate -  mvn  -B -Dstyle.color=always package
2024-08-27 08:29:50,911 [Worker-2: reload maven project] WARN  o.e.m.c.i.embedder.EclipseLogger - The artifact mysql:mysql-connector-java:jar:8.0.33 has been relocated to com.mysql:mysql-connector-j:jar:8.0.33: MySQL Connector/J artifacts moved to reverse-DNS compliant Maven 2+ coordinates.
2024-08-27 08:45:44,649 [Worker-24: Loading available Gradle versions] INFO  o.e.b.c.i.u.g.PublishedGradleVersions - Gradle version information cache is up-to-date. Trying to read.
2024-08-27 08:49:41,029 [Worker-16: Creating project "JDBCDemos"] INFO  o.e.m.c.i.l.LifecycleMappingFactory - Using org.eclipse.m2e.jdt.JarLifecycleMapping lifecycle mapping for MavenProject: com.shristi.training:JDBCDemos:0.0.1-SNAPSHOT @ D:\2021\apps\eclipseexamples\jfsjunbatch-java\JDBCDemos\pom.xml.
2024-08-27 08:49:41,551 [Worker-16: Creating project "JDBCDemos"] INFO  o.e.m.j.i.AbstractJavaProjectConfigurator - Adding source folder /JDBCDemos/src/main/java
2024-08-27 08:49:41,553 [Worker-16: Creating project "JDBCDemos"] INFO  o.e.m.j.i.AbstractJavaProjectConfigurator - Adding resource folder /JDBCDemos/src/main/resources
2024-08-27 08:49:41,554 [Worker-16: Creating project "JDBCDemos"] INFO  o.e.m.j.i.AbstractJavaProjectConfigurator - Adding source folder /JDBCDemos/src/test/java
2024-08-27 08:49:41,554 [Worker-16: Creating project "JDBCDemos"] INFO  o.e.m.j.i.AbstractJavaProjectConfigurator - Adding resource folder /JDBCDemos/src/test/resources
2024-08-27 08:49:42,064 [Worker-4: Building] WARN  o.a.m.s.f.DefaultMavenResourcesFiltering - Using platform encoding (Cp1252 actually) to copy filtered resources, i.e. build is platform dependent!
2024-08-27 08:49:42,067 [Worker-4: Building] INFO  o.a.m.s.f.DefaultMavenResourcesFiltering - Copying 0 resource from src\main\resources to target\classes
2024-08-27 08:49:42,070 [Worker-4: Building] WARN  o.a.m.s.f.DefaultMavenResourcesFiltering - Using platform encoding (Cp1252 actually) to copy filtered resources, i.e. build is platform dependent!
2024-08-27 08:49:42,071 [Worker-4: Building] INFO  o.a.m.s.f.DefaultMavenResourcesFiltering - Copying 0 resource from src\test\resources to target\test-classes
2024-08-27 08:59:10,503 [Worker-32: Building] WARN  o.a.m.s.f.DefaultMavenResourcesFiltering - Using platform encoding (Cp1252 actually) to copy filtered resources, i.e. build is platform dependent!
2024-08-27 08:59:10,509 [Worker-32: Building] INFO  o.a.m.s.f.DefaultMavenResourcesFiltering - Copying 0 resource from src\main\resources to target\classes
2024-08-27 08:59:10,513 [Worker-32: Building] WARN  o.a.m.s.f.DefaultMavenResourcesFiltering - Using platform encoding (Cp1252 actually) to copy filtered resources, i.e. build is platform dependent!
2024-08-27 08:59:10,514 [Worker-32: Building] INFO  o.a.m.s.f.DefaultMavenResourcesFiltering - Copying 0 resource from src\test\resources to target\test-classes
2024-08-27 09:00:31,611 [Worker-31: Building] INFO  o.e.m.c.i.l.LifecycleMappingFactory - Using org.eclipse.m2e.jdt.JarLifecycleMapping lifecycle mapping for MavenProject: com.shristi.training:JDBCDemos:0.0.1-SNAPSHOT @ D:\2021\apps\eclipseexamples\jfsjunbatch-java\JDBCDemos\pom.xml.
2024-08-27 09:00:31,625 [Worker-31: Building] WARN  o.e.m.c.i.embedder.EclipseLogger - The artifact mysql:mysql-connector-java:jar:8.0.33 has been relocated to com.mysql:mysql-connector-j:jar:8.0.33: MySQL Connector/J artifacts moved to reverse-DNS compliant Maven 2+ coordinates.
2024-08-27 09:00:31,754 [Worker-31: Building] WARN  o.a.m.s.f.DefaultMavenResourcesFiltering - Using platform encoding (Cp1252 actually) to copy filtered resources, i.e. build is platform dependent!
2024-08-27 09:00:31,755 [Worker-31: Building] INFO  o.a.m.s.f.DefaultMavenResourcesFiltering - Copying 0 resource from src\main\resources to target\classes
2024-08-27 09:00:31,758 [Worker-31: Building] WARN  o.a.m.s.f.DefaultMavenResourcesFiltering - Using platform encoding (Cp1252 actually) to copy filtered resources, i.e. build is platform dependent!
2024-08-27 09:00:31,759 [Worker-31: Building] INFO  o.a.m.s.f.DefaultMavenResourcesFiltering - Copying 0 resource from src\test\resources to target\test-classes
2024-08-27 09:13:00,192 [Worker-35: Building] WARN  o.a.m.s.f.DefaultMavenResourcesFiltering - Using platform encoding (Cp1252 actually) to copy filtered resources, i.e. build is platform dependent!
2024-08-27 09:13:00,193 [Worker-35: Building] INFO  o.a.m.s.f.DefaultMavenResourcesFiltering - Copying 0 resource from src\main\resources to target\classes
2024-08-27 09:13:00,195 [Worker-35: Building] WARN  o.a.m.s.f.DefaultMavenResourcesFiltering - Using platform encoding (Cp1252 actually) to copy filtered resources, i.e. build is platform dependent!
2024-08-27 09:13:00,196 [Worker-35: Building] INFO  o.a.m.s.f.DefaultMavenResourcesFiltering - Copying 0 resource from src\test\resources to target\test-classes
2024-08-27 09:13:38,585 [Worker-31: Building] WARN  o.a.m.s.f.DefaultMavenResourcesFiltering - Using platform encoding (Cp1252 actually) to copy filtered resources, i.e. build is platform dependent!
2024-08-27 09:13:38,585 [Worker-31: Building] INFO  o.a.m.s.f.DefaultMavenResourcesFiltering - Copying 0 resource from src\main\resources to target\classes
2024-08-27 09:13:38,587 [Worker-31: Building] WARN  o.a.m.s.f.DefaultMavenResourcesFiltering - Using platform encoding (Cp1252 actually) to copy filtered resources, i.e. build is platform dependent!
2024-08-27 09:13:38,588 [Worker-31: Building] INFO  o.a.m.s.f.DefaultMavenResourcesFiltering - Copying 0 resource from src\test\resources to target\test-classes
2024-08-27 09:14:54,759 [Worker-34: Building] WARN  o.a.m.s.f.DefaultMavenResourcesFiltering - Using platform encoding (Cp1252 actually) to copy filtered resources, i.e. build is platform dependent!
2024-08-27 09:14:54,760 [Worker-34: Building] INFO  o.a.m.s.f.DefaultMavenResourcesFiltering - Copying 0 resource from src\main\resources to target\classes
2024-08-27 09:14:54,762 [Worker-34: Building] WARN  o.a.m.s.f.DefaultMavenResourcesFiltering - Using platform encoding (Cp1252 actually) to copy filtered resources, i.e. build is platform dependent!
2024-08-27 09:14:54,763 [Worker-34: Building] INFO  o.a.m.s.f.DefaultMavenResourcesFiltering - Copying 0 resource from src\test\resources to target\test-classes
2024-08-27 09:25:56,546 [Worker-38: Building] WARN  o.a.m.s.f.DefaultMavenResourcesFiltering - Using platform encoding (Cp1252 actually) to copy filtered resources, i.e. build is platform dependent!
2024-08-27 09:25:56,547 [Worker-38: Building] INFO  o.a.m.s.f.DefaultMavenResourcesFiltering - Copying 0 resource from src\main\resources to target\classes
2024-08-27 09:25:56,549 [Worker-38: Building] WARN  o.a.m.s.f.DefaultMavenResourcesFiltering - Using platform encoding (Cp1252 actually) to copy filtered resources, i.e. build is platform dependent!
2024-08-27 09:25:56,551 [Worker-38: Building] INFO  o.a.m.s.f.DefaultMavenResourcesFiltering - Copying 0 resource from src\test\resources to target\test-classes
2024-08-27 09:27:17,048 [Worker-40: Building] WARN  o.a.m.s.f.DefaultMavenResourcesFiltering - Using platform encoding (Cp1252 actually) to copy filtered resources, i.e. build is platform dependent!
2024-08-27 09:27:17,050 [Worker-40: Building] INFO  o.a.m.s.f.DefaultMavenResourcesFiltering - Copying 0 resource from src\main\resources to target\classes
2024-08-27 09:27:17,053 [Worker-40: Building] WARN  o.a.m.s.f.DefaultMavenResourcesFiltering - Using platform encoding (Cp1252 actually) to copy filtered resources, i.e. build is platform dependent!
2024-08-27 09:27:17,054 [Worker-40: Building] INFO  o.a.m.s.f.DefaultMavenResourcesFiltering - Copying 0 resource from src\test\resources to target\test-classes
2024-08-27 09:27:51,646 [Worker-39: Building] WARN  o.a.m.s.f.DefaultMavenResourcesFiltering - Using platform encoding (Cp1252 actually) to copy filtered resources, i.e. build is platform dependent!
2024-08-27 09:27:51,647 [Worker-39: Building] INFO  o.a.m.s.f.DefaultMavenResourcesFiltering - Copying 0 resource from src\main\resources to target\classes
2024-08-27 09:27:51,648 [Worker-39: Building] WARN  o.a.m.s.f.DefaultMavenResourcesFiltering - Using platform encoding (Cp1252 actually) to copy filtered resources, i.e. build is platform dependent!
2024-08-27 09:27:51,649 [Worker-39: Building] INFO  o.a.m.s.f.DefaultMavenResourcesFiltering - Copying 0 resource from src\test\resources to target\test-classes
2024-08-27 09:29:46,740 [Worker-39: Building] WARN  o.a.m.s.f.DefaultMavenResourcesFiltering - Using platform encoding (Cp1252 actually) to copy filtered resources, i.e. build is platform dependent!
2024-08-27 09:29:46,741 [Worker-39: Building] INFO  o.a.m.s.f.DefaultMavenResourcesFiltering - Copying 0 resource from src\main\resources to target\classes
2024-08-27 09:29:46,744 [Worker-39: Building] WARN  o.a.m.s.f.DefaultMavenResourcesFiltering - Using platform encoding (Cp1252 actually) to copy filtered resources, i.e. build is platform dependent!
2024-08-27 09:29:46,744 [Worker-39: Building] INFO  o.a.m.s.f.DefaultMavenResourcesFiltering - Copying 0 resource from src\test\resources to target\test-classes
2024-08-27 09:30:26,149 [Worker-40: Building] WARN  o.a.m.s.f.DefaultMavenResourcesFiltering - Using platform encoding (Cp1252 actually) to copy filtered resources, i.e. build is platform dependent!
2024-08-27 09:30:26,150 [Worker-40: Building] INFO  o.a.m.s.f.DefaultMavenResourcesFiltering - Copying 0 resource from src\main\resources to target\classes
2024-08-27 09:30:26,153 [Worker-40: Building] WARN  o.a.m.s.f.DefaultMavenResourcesFiltering - Using platform encoding (Cp1252 actually) to copy filtered resources, i.e. build is platform dependent!
2024-08-27 09:30:26,154 [Worker-40: Building] INFO  o.a.m.s.f.DefaultMavenResourcesFiltering - Copying 0 resource from src\test\resources to target\test-classes
2024-08-27 09:31:13,818 [Worker-38: Building] WARN  o.a.m.s.f.DefaultMavenResourcesFiltering - Using platform encoding (Cp1252 actually) to copy filtered resources, i.e. build is platform dependent!
2024-08-27 09:31:13,818 [Worker-38: Building] INFO  o.a.m.s.f.DefaultMavenResourcesFiltering - Copying 0 resource from src\main\resources to target\classes
2024-08-27 09:31:13,822 [Worker-38: Building] WARN  o.a.m.s.f.DefaultMavenResourcesFiltering - Using platform encoding (Cp1252 actually) to copy filtered resources, i.e. build is platform dependent!
2024-08-27 09:31:13,823 [Worker-38: Building] INFO  o.a.m.s.f.DefaultMavenResourcesFiltering - Copying 0 resource from src\test\resources to target\test-classes
2024-08-27 09:33:01,081 [Worker-42: Building] WARN  o.a.m.s.f.DefaultMavenResourcesFiltering - Using platform encoding (Cp1252 actually) to copy filtered resources, i.e. build is platform dependent!
2024-08-27 09:33:01,082 [Worker-42: Building] INFO  o.a.m.s.f.DefaultMavenResourcesFiltering - Copying 0 resource from src\main\resources to target\classes
2024-08-27 09:33:01,085 [Worker-42: Building] WARN  o.a.m.s.f.DefaultMavenResourcesFiltering - Using platform encoding (Cp1252 actually) to copy filtered resources, i.e. build is platform dependent!
2024-08-27 09:33:01,086 [Worker-42: Building] INFO  o.a.m.s.f.DefaultMavenResourcesFiltering - Copying 0 resource from src\test\resources to target\test-classes
2024-08-27 09:38:41,722 [Worker-39: Building] WARN  o.a.m.s.f.DefaultMavenResourcesFiltering - Using platform encoding (Cp1252 actually) to copy filtered resources, i.e. build is platform dependent!
2024-08-27 09:38:41,723 [Worker-39: Building] INFO  o.a.m.s.f.DefaultMavenResourcesFiltering - Copying 0 resource from src\main\resources to target\classes
2024-08-27 09:38:41,725 [Worker-39: Building] WARN  o.a.m.s.f.DefaultMavenResourcesFiltering - Using platform encoding (Cp1252 actually) to copy filtered resources, i.e. build is platform dependent!
2024-08-27 09:38:41,725 [Worker-39: Building] INFO  o.a.m.s.f.DefaultMavenResourcesFiltering - Copying 0 resource from src\test\resources to target\test-classes
2024-08-27 09:39:16,470 [Worker-44: Building] WARN  o.a.m.s.f.DefaultMavenResourcesFiltering - Using platform encoding (Cp1252 actually) to copy filtered resources, i.e. build is platform dependent!
2024-08-27 09:39:16,471 [Worker-44: Building] INFO  o.a.m.s.f.DefaultMavenResourcesFiltering - Copying 0 resource from src\main\resources to target\classes
2024-08-27 09:39:16,473 [Worker-44: Building] WARN  o.a.m.s.f.DefaultMavenResourcesFiltering - Using platform encoding (Cp1252 actually) to copy filtered resources, i.e. build is platform dependent!
2024-08-27 09:39:16,474 [Worker-44: Building] INFO  o.a.m.s.f.DefaultMavenResourcesFiltering - Copying 0 resource from src\test\resources to target\test-classes
2024-08-27 09:43:14,938 [Worker-45: Building] WARN  o.a.m.s.f.DefaultMavenResourcesFiltering - Using platform encoding (Cp1252 actually) to copy filtered resources, i.e. build is platform dependent!
2024-08-27 09:43:14,939 [Worker-45: Building] INFO  o.a.m.s.f.DefaultMavenResourcesFiltering - Copying 0 resource from src\main\resources to target\classes
2024-08-27 09:43:14,941 [Worker-45: Building] WARN  o.a.m.s.f.DefaultMavenResourcesFiltering - Using platform encoding (Cp1252 actually) to copy filtered resources, i.e. build is platform dependent!
2024-08-27 09:43:14,942 [Worker-45: Building] INFO  o.a.m.s.f.DefaultMavenResourcesFiltering - Copying 0 resource from src\test\resources to target\test-classes
2024-08-27 09:44:22,464 [Worker-43: Building] WARN  o.a.m.s.f.DefaultMavenResourcesFiltering - Using platform encoding (Cp1252 actually) to copy filtered resources, i.e. build is platform dependent!
2024-08-27 09:44:22,465 [Worker-43: Building] INFO  o.a.m.s.f.DefaultMavenResourcesFiltering - Copying 0 resource from src\main\resources to target\classes
2024-08-27 09:44:22,468 [Worker-43: Building] WARN  o.a.m.s.f.DefaultMavenResourcesFiltering - Using platform encoding (Cp1252 actually) to copy filtered resources, i.e. build is platform dependent!
2024-08-27 09:44:22,468 [Worker-43: Building] INFO  o.a.m.s.f.DefaultMavenResourcesFiltering - Copying 0 resource from src\test\resources to target\test-classes
2024-08-27 09:45:36,163 [Worker-39: Building] WARN  o.a.m.s.f.DefaultMavenResourcesFiltering - Using platform encoding (Cp1252 actually) to copy filtered resources, i.e. build is platform dependent!
2024-08-27 09:45:36,164 [Worker-39: Building] INFO  o.a.m.s.f.DefaultMavenResourcesFiltering - Copying 0 resource from src\main\resources to target\classes
2024-08-27 09:45:36,167 [Worker-39: Building] WARN  o.a.m.s.f.DefaultMavenResourcesFiltering - Using platform encoding (Cp1252 actually) to copy filtered resources, i.e. build is platform dependent!
2024-08-27 09:45:36,169 [Worker-39: Building] INFO  o.a.m.s.f.DefaultMavenResourcesFiltering - Copying 0 resource from src\test\resources to target\test-classes
2024-08-27 09:51:45,182 [Worker-47: Building] WARN  o.a.m.s.f.DefaultMavenResourcesFiltering - Using platform encoding (Cp1252 actually) to copy filtered resources, i.e. build is platform dependent!
2024-08-27 09:51:45,183 [Worker-47: Building] INFO  o.a.m.s.f.DefaultMavenResourcesFiltering - Copying 0 resource from src\main\resources to target\classes
2024-08-27 09:51:45,186 [Worker-47: Building] WARN  o.a.m.s.f.DefaultMavenResourcesFiltering - Using platform encoding (Cp1252 actually) to copy filtered resources, i.e. build is platform dependent!
2024-08-27 09:51:45,187 [Worker-47: Building] INFO  o.a.m.s.f.DefaultMavenResourcesFiltering - Copying 0 resource from src\test\resources to target\test-classes
2024-08-27 09:58:14,842 [Worker-46: Building] WARN  o.a.m.s.f.DefaultMavenResourcesFiltering - Using platform encoding (Cp1252 actually) to copy filtered resources, i.e. build is platform dependent!
2024-08-27 09:58:14,843 [Worker-46: Building] INFO  o.a.m.s.f.DefaultMavenResourcesFiltering - Copying 0 resource from src\main\resources to target\classes
2024-08-27 09:58:14,844 [Worker-46: Building] WARN  o.a.m.s.f.DefaultMavenResourcesFiltering - Using platform encoding (Cp1252 actually) to copy filtered resources, i.e. build is platform dependent!
2024-08-27 09:58:14,845 [Worker-46: Building] INFO  o.a.m.s.f.DefaultMavenResourcesFiltering - Copying 0 resource from src\test\resources to target\test-classes
2024-08-27 10:06:08,938 [Worker-50: Building] WARN  o.a.m.s.f.DefaultMavenResourcesFiltering - Using platform encoding (Cp1252 actually) to copy filtered resources, i.e. build is platform dependent!
2024-08-27 10:06:08,941 [Worker-50: Building] INFO  o.a.m.s.f.DefaultMavenResourcesFiltering - Copying 0 resource from src\main\resources to target\classes
2024-08-27 10:06:08,942 [Worker-50: Building] WARN  o.a.m.s.f.DefaultMavenResourcesFiltering - Using platform encoding (Cp1252 actually) to copy filtered resources, i.e. build is platform dependent!
2024-08-27 10:06:08,943 [Worker-50: Building] INFO  o.a.m.s.f.DefaultMavenResourcesFiltering - Copying 0 resource from src\test\resources to target\test-classes
2024-08-27 10:06:35,960 [Worker-53: Building] WARN  o.a.m.s.f.DefaultMavenResourcesFiltering - Using platform encoding (Cp1252 actually) to copy filtered resources, i.e. build is platform dependent!
2024-08-27 10:06:35,961 [Worker-53: Building] INFO  o.a.m.s.f.DefaultMavenResourcesFiltering - Copying 0 resource from src\main\resources to target\classes
2024-08-27 10:06:35,963 [Worker-53: Building] WARN  o.a.m.s.f.DefaultMavenResourcesFiltering - Using platform encoding (Cp1252 actually) to copy filtered resources, i.e. build is platform dependent!
2024-08-27 10:06:35,964 [Worker-53: Building] INFO  o.a.m.s.f.DefaultMavenResourcesFiltering - Copying 0 resource from src\test\resources to target\test-classes
2024-08-27 10:11:08,423 [Worker-57: Building] WARN  o.a.m.s.f.DefaultMavenResourcesFiltering - Using platform encoding (Cp1252 actually) to copy filtered resources, i.e. build is platform dependent!
2024-08-27 10:11:08,425 [Worker-57: Building] INFO  o.a.m.s.f.DefaultMavenResourcesFiltering - Copying 0 resource from src\main\resources to target\classes
2024-08-27 10:11:08,427 [Worker-57: Building] WARN  o.a.m.s.f.DefaultMavenResourcesFiltering - Using platform encoding (Cp1252 actually) to copy filtered resources, i.e. build is platform dependent!
2024-08-27 10:11:08,428 [Worker-57: Building] INFO  o.a.m.s.f.DefaultMavenResourcesFiltering - Copying 0 resource from src\test\resources to target\test-classes
2024-08-27 10:12:54,006 [Worker-54: Building] WARN  o.a.m.s.f.DefaultMavenResourcesFiltering - Using platform encoding (Cp1252 actually) to copy filtered resources, i.e. build is platform dependent!
2024-08-27 10:12:54,007 [Worker-54: Building] INFO  o.a.m.s.f.DefaultMavenResourcesFiltering - Copying 0 resource from src\main\resources to target\classes
2024-08-27 10:12:54,009 [Worker-54: Building] WARN  o.a.m.s.f.DefaultMavenResourcesFiltering - Using platform encoding (Cp1252 actually) to copy filtered resources, i.e. build is platform dependent!
2024-08-27 10:12:54,010 [Worker-54: Building] INFO  o.a.m.s.f.DefaultMavenResourcesFiltering - Copying 0 resource from src\test\resources to target\test-classes
2024-08-27 10:12:57,700 [Worker-55: Building] WARN  o.a.m.s.f.DefaultMavenResourcesFiltering - Using platform encoding (Cp1252 actually) to copy filtered resources, i.e. build is platform dependent!
2024-08-27 10:12:57,700 [Worker-55: Building] INFO  o.a.m.s.f.DefaultMavenResourcesFiltering - Copying 0 resource from src\main\resources to target\classes
2024-08-27 10:12:57,703 [Worker-55: Building] WARN  o.a.m.s.f.DefaultMavenResourcesFiltering - Using platform encoding (Cp1252 actually) to copy filtered resources, i.e. build is platform dependent!
2024-08-27 10:12:57,703 [Worker-55: Building] INFO  o.a.m.s.f.DefaultMavenResourcesFiltering - Copying 0 resource from src\test\resources to target\test-classes
2024-08-27 10:13:21,470 [Worker-55: Building] WARN  o.a.m.s.f.DefaultMavenResourcesFiltering - Using platform encoding (Cp1252 actually) to copy filtered resources, i.e. build is platform dependent!
2024-08-27 10:13:21,471 [Worker-55: Building] INFO  o.a.m.s.f.DefaultMavenResourcesFiltering - Copying 0 resource from src\main\resources to target\classes
2024-08-27 10:13:21,472 [Worker-55: Building] WARN  o.a.m.s.f.DefaultMavenResourcesFiltering - Using platform encoding (Cp1252 actually) to copy filtered resources, i.e. build is platform dependent!
2024-08-27 10:13:21,473 [Worker-55: Building] INFO  o.a.m.s.f.DefaultMavenResourcesFiltering - Copying 0 resource from src\test\resources to target\test-classes
2024-08-27 10:14:19,332 [Worker-58: Building] WARN  o.a.m.s.f.DefaultMavenResourcesFiltering - Using platform encoding (Cp1252 actually) to copy filtered resources, i.e. build is platform dependent!
2024-08-27 10:14:19,333 [Worker-58: Building] INFO  o.a.m.s.f.DefaultMavenResourcesFiltering - Copying 0 resource from src\main\resources to target\classes
2024-08-27 10:14:19,334 [Worker-58: Building] WARN  o.a.m.s.f.DefaultMavenResourcesFiltering - Using platform encoding (Cp1252 actually) to copy filtered resources, i.e. build is platform dependent!
2024-08-27 10:14:19,335 [Worker-58: Building] INFO  o.a.m.s.f.DefaultMavenResourcesFiltering - Copying 0 resource from src\test\resources to target\test-classes
2024-08-27 10:14:28,185 [Worker-54: Building] WARN  o.a.m.s.f.DefaultMavenResourcesFiltering - Using platform encoding (Cp1252 actually) to copy filtered resources, i.e. build is platform dependent!
2024-08-27 10:14:28,187 [Worker-54: Building] INFO  o.a.m.s.f.DefaultMavenResourcesFiltering - Copying 0 resource from src\main\resources to target\classes
2024-08-27 10:14:28,190 [Worker-54: Building] WARN  o.a.m.s.f.DefaultMavenResourcesFiltering - Using platform encoding (Cp1252 actually) to copy filtered resources, i.e. build is platform dependent!
2024-08-27 10:14:28,191 [Worker-54: Building] INFO  o.a.m.s.f.DefaultMavenResourcesFiltering - Copying 0 resource from src\test\resources to target\test-classes
2024-08-27 10:17:38,714 [Worker-57: Building] WARN  o.a.m.s.f.DefaultMavenResourcesFiltering - Using platform encoding (Cp1252 actually) to copy filtered resources, i.e. build is platform dependent!
2024-08-27 10:17:38,715 [Worker-57: Building] INFO  o.a.m.s.f.DefaultMavenResourcesFiltering - Copying 0 resource from src\main\resources to target\classes
2024-08-27 10:17:38,716 [Worker-57: Building] WARN  o.a.m.s.f.DefaultMavenResourcesFiltering - Using platform encoding (Cp1252 actually) to copy filtered resources, i.e. build is platform dependent!
2024-08-27 10:17:38,717 [Worker-57: Building] INFO  o.a.m.s.f.DefaultMavenResourcesFiltering - Copying 0 resource from src\test\resources to target\test-classes
2024-08-27 10:18:23,766 [Worker-55: Building] WARN  o.a.m.s.f.DefaultMavenResourcesFiltering - Using platform encoding (Cp1252 actually) to copy filtered resources, i.e. build is platform dependent!
2024-08-27 10:18:23,768 [Worker-55: Building] INFO  o.a.m.s.f.DefaultMavenResourcesFiltering - Copying 0 resource from src\main\resources to target\classes
2024-08-27 10:18:23,771 [Worker-55: Building] WARN  o.a.m.s.f.DefaultMavenResourcesFiltering - Using platform encoding (Cp1252 actually) to copy filtered resources, i.e. build is platform dependent!
2024-08-27 10:18:23,772 [Worker-55: Building] INFO  o.a.m.s.f.DefaultMavenResourcesFiltering - Copying 0 resource from src\test\resources to target\test-classes
2024-08-27 10:19:01,628 [Worker-57: Building] WARN  o.a.m.s.f.DefaultMavenResourcesFiltering - Using platform encoding (Cp1252 actually) to copy filtered resources, i.e. build is platform dependent!
2024-08-27 10:19:01,629 [Worker-57: Building] INFO  o.a.m.s.f.DefaultMavenResourcesFiltering - Copying 0 resource from src\main\resources to target\classes
2024-08-27 10:19:01,632 [Worker-57: Building] WARN  o.a.m.s.f.DefaultMavenResourcesFiltering - Using platform encoding (Cp1252 actually) to copy filtered resources, i.e. build is platform dependent!
2024-08-27 10:19:01,632 [Worker-57: Building] INFO  o.a.m.s.f.DefaultMavenResourcesFiltering - Copying 0 resource from src\test\resources to target\test-classes
2024-08-27 10:23:42,865 [Worker-57: Building] WARN  o.a.m.s.f.DefaultMavenResourcesFiltering - Using platform encoding (Cp1252 actually) to copy filtered resources, i.e. build is platform dependent!
2024-08-27 10:23:42,866 [Worker-57: Building] INFO  o.a.m.s.f.DefaultMavenResourcesFiltering - Copying 0 resource from src\main\resources to target\classes
2024-08-27 10:23:42,868 [Worker-57: Building] WARN  o.a.m.s.f.DefaultMavenResourcesFiltering - Using platform encoding (Cp1252 actually) to copy filtered resources, i.e. build is platform dependent!
2024-08-27 10:23:42,869 [Worker-57: Building] INFO  o.a.m.s.f.DefaultMavenResourcesFiltering - Copying 0 resource from src\test\resources to target\test-classes
2024-08-27 10:25:58,241 [Worker-58: Building] WARN  o.a.m.s.f.DefaultMavenResourcesFiltering - Using platform encoding (Cp1252 actually) to copy filtered resources, i.e. build is platform dependent!
2024-08-27 10:25:58,242 [Worker-58: Building] INFO  o.a.m.s.f.DefaultMavenResourcesFiltering - Copying 0 resource from src\main\resources to target\classes
2024-08-27 10:25:58,244 [Worker-58: Building] WARN  o.a.m.s.f.DefaultMavenResourcesFiltering - Using platform encoding (Cp1252 actually) to copy filtered resources, i.e. build is platform dependent!
2024-08-27 10:25:58,245 [Worker-58: Building] INFO  o.a.m.s.f.DefaultMavenResourcesFiltering - Copying 0 resource from src\test\resources to target\test-classes
2024-08-27 10:26:20,608 [Worker-57: Building] WARN  o.a.m.s.f.DefaultMavenResourcesFiltering - Using platform encoding (Cp1252 actually) to copy filtered resources, i.e. build is platform dependent!
2024-08-27 10:26:20,609 [Worker-57: Building] INFO  o.a.m.s.f.DefaultMavenResourcesFiltering - Copying 0 resource from src\main\resources to target\classes
2024-08-27 10:26:20,610 [Worker-57: Building] WARN  o.a.m.s.f.DefaultMavenResourcesFiltering - Using platform encoding (Cp1252 actually) to copy filtered resources, i.e. build is platform dependent!
2024-08-27 10:26:20,611 [Worker-57: Building] INFO  o.a.m.s.f.DefaultMavenResourcesFiltering - Copying 0 resource from src\test\resources to target\test-classes
2024-08-27 10:26:28,768 [Worker-57: Building] WARN  o.a.m.s.f.DefaultMavenResourcesFiltering - Using platform encoding (Cp1252 actually) to copy filtered resources, i.e. build is platform dependent!
2024-08-27 10:26:28,771 [Worker-57: Building] INFO  o.a.m.s.f.DefaultMavenResourcesFiltering - Copying 0 resource from src\main\resources to target\classes
2024-08-27 10:26:28,773 [Worker-57: Building] WARN  o.a.m.s.f.DefaultMavenResourcesFiltering - Using platform encoding (Cp1252 actually) to copy filtered resources, i.e. build is platform dependent!
2024-08-27 10:26:28,774 [Worker-57: Building] INFO  o.a.m.s.f.DefaultMavenResourcesFiltering - Copying 0 resource from src\test\resources to target\test-classes
2024-08-27 10:27:25,363 [Worker-59: Building] WARN  o.a.m.s.f.DefaultMavenResourcesFiltering - Using platform encoding (Cp1252 actually) to copy filtered resources, i.e. build is platform dependent!
2024-08-27 10:27:25,364 [Worker-59: Building] INFO  o.a.m.s.f.DefaultMavenResourcesFiltering - Copying 0 resource from src\main\resources to target\classes
2024-08-27 10:27:25,365 [Worker-59: Building] WARN  o.a.m.s.f.DefaultMavenResourcesFiltering - Using platform encoding (Cp1252 actually) to copy filtered resources, i.e. build is platform dependent!
2024-08-27 10:27:25,365 [Worker-59: Building] INFO  o.a.m.s.f.DefaultMavenResourcesFiltering - Copying 0 resource from src\test\resources to target\test-classes
2024-08-27 10:27:34,333 [Worker-55: Building] WARN  o.a.m.s.f.DefaultMavenResourcesFiltering - Using platform encoding (Cp1252 actually) to copy filtered resources, i.e. build is platform dependent!
2024-08-27 10:27:34,334 [Worker-55: Building] INFO  o.a.m.s.f.DefaultMavenResourcesFiltering - Copying 0 resource from src\main\resources to target\classes
2024-08-27 10:27:34,336 [Worker-55: Building] WARN  o.a.m.s.f.DefaultMavenResourcesFiltering - Using platform encoding (Cp1252 actually) to copy filtered resources, i.e. build is platform dependent!
2024-08-27 10:27:34,338 [Worker-55: Building] INFO  o.a.m.s.f.DefaultMavenResourcesFiltering - Copying 0 resource from src\test\resources to target\test-classes
2024-08-27 10:27:37,547 [Worker-58: Building] WARN  o.a.m.s.f.DefaultMavenResourcesFiltering - Using platform encoding (Cp1252 actually) to copy filtered resources, i.e. build is platform dependent!
2024-08-27 10:27:37,548 [Worker-58: Building] INFO  o.a.m.s.f.DefaultMavenResourcesFiltering - Copying 0 resource from src\main\resources to target\classes
2024-08-27 10:27:37,549 [Worker-58: Building] WARN  o.a.m.s.f.DefaultMavenResourcesFiltering - Using platform encoding (Cp1252 actually) to copy filtered resources, i.e. build is platform dependent!
2024-08-27 10:27:37,549 [Worker-58: Building] INFO  o.a.m.s.f.DefaultMavenResourcesFiltering - Copying 0 resource from src\test\resources to target\test-classes
2024-08-27 10:29:14,625 [Worker-57: Building] WARN  o.a.m.s.f.DefaultMavenResourcesFiltering - Using platform encoding (Cp1252 actually) to copy filtered resources, i.e. build is platform dependent!
2024-08-27 10:29:14,626 [Worker-57: Building] INFO  o.a.m.s.f.DefaultMavenResourcesFiltering - Copying 0 resource from src\main\resources to target\classes
2024-08-27 10:29:14,627 [Worker-57: Building] WARN  o.a.m.s.f.DefaultMavenResourcesFiltering - Using platform encoding (Cp1252 actually) to copy filtered resources, i.e. build is platform dependent!
2024-08-27 10:29:14,627 [Worker-57: Building] INFO  o.a.m.s.f.DefaultMavenResourcesFiltering - Copying 0 resource from src\test\resources to target\test-classes
2024-08-27 10:29:26,550 [Worker-55: Building] WARN  o.a.m.s.f.DefaultMavenResourcesFiltering - Using platform encoding (Cp1252 actually) to copy filtered resources, i.e. build is platform dependent!
2024-08-27 10:29:26,551 [Worker-55: Building] INFO  o.a.m.s.f.DefaultMavenResourcesFiltering - Copying 0 resource from src\main\resources to target\classes
2024-08-27 10:29:26,553 [Worker-55: Building] WARN  o.a.m.s.f.DefaultMavenResourcesFiltering - Using platform encoding (Cp1252 actually) to copy filtered resources, i.e. build is platform dependent!
2024-08-27 10:29:26,554 [Worker-55: Building] INFO  o.a.m.s.f.DefaultMavenResourcesFiltering - Copying 0 resource from src\test\resources to target\test-classes
2024-08-27 10:29:34,051 [Worker-57: Building] WARN  o.a.m.s.f.DefaultMavenResourcesFiltering - Using platform encoding (Cp1252 actually) to copy filtered resources, i.e. build is platform dependent!
2024-08-27 10:29:34,052 [Worker-57: Building] INFO  o.a.m.s.f.DefaultMavenResourcesFiltering - Copying 0 resource from src\main\resources to target\classes
2024-08-27 10:29:34,053 [Worker-57: Building] WARN  o.a.m.s.f.DefaultMavenResourcesFiltering - Using platform encoding (Cp1252 actually) to copy filtered resources, i.e. build is platform dependent!
2024-08-27 10:29:34,054 [Worker-57: Building] INFO  o.a.m.s.f.DefaultMavenResourcesFiltering - Copying 0 resource from src\test\resources to target\test-classes
2024-08-27 10:30:53,425 [Worker-54: Building] WARN  o.a.m.s.f.DefaultMavenResourcesFiltering - Using platform encoding (Cp1252 actually) to copy filtered resources, i.e. build is platform dependent!
2024-08-27 10:30:53,426 [Worker-54: Building] INFO  o.a.m.s.f.DefaultMavenResourcesFiltering - Copying 0 resource from src\main\resources to target\classes
2024-08-27 10:30:53,427 [Worker-54: Building] WARN  o.a.m.s.f.DefaultMavenResourcesFiltering - Using platform encoding (Cp1252 actually) to copy filtered resources, i.e. build is platform dependent!
2024-08-27 10:30:53,428 [Worker-54: Building] INFO  o.a.m.s.f.DefaultMavenResourcesFiltering - Copying 0 resource from src\test\resources to target\test-classes
2024-08-27 10:32:38,868 [Worker-57: Building] WARN  o.a.m.s.f.DefaultMavenResourcesFiltering - Using platform encoding (Cp1252 actually) to copy filtered resources, i.e. build is platform dependent!
2024-08-27 10:32:38,869 [Worker-57: Building] INFO  o.a.m.s.f.DefaultMavenResourcesFiltering - Copying 0 resource from src\main\resources to target\classes
2024-08-27 10:32:38,870 [Worker-57: Building] WARN  o.a.m.s.f.DefaultMavenResourcesFiltering - Using platform encoding (Cp1252 actually) to copy filtered resources, i.e. build is platform dependent!
2024-08-27 10:32:38,870 [Worker-57: Building] INFO  o.a.m.s.f.DefaultMavenResourcesFiltering - Copying 0 resource from src\test\resources to target\test-classes
2024-08-27 10:32:59,528 [Worker-59: Building] WARN  o.a.m.s.f.DefaultMavenResourcesFiltering - Using platform encoding (Cp1252 actually) to copy filtered resources, i.e. build is platform dependent!
2024-08-27 10:32:59,528 [Worker-59: Building] INFO  o.a.m.s.f.DefaultMavenResourcesFiltering - Copying 0 resource from src\main\resources to target\classes
2024-08-27 10:32:59,530 [Worker-59: Building] WARN  o.a.m.s.f.DefaultMavenResourcesFiltering - Using platform encoding (Cp1252 actually) to copy filtered resources, i.e. build is platform dependent!
2024-08-27 10:32:59,530 [Worker-59: Building] INFO  o.a.m.s.f.DefaultMavenResourcesFiltering - Copying 0 resource from src\test\resources to target\test-classes
2024-08-27 10:35:18,096 [Worker-55: Building Workspace] WARN  o.a.m.s.f.DefaultMavenResourcesFiltering - Using platform encoding (Cp1252 actually) to copy filtered resources, i.e. build is platform dependent!
2024-08-27 10:35:18,098 [Worker-55: Building Workspace] INFO  o.a.m.s.f.DefaultMavenResourcesFiltering - Copying 0 resource from src\main\resources to target\classes
2024-08-27 10:35:18,100 [Worker-55: Building Workspace] WARN  o.a.m.s.f.DefaultMavenResourcesFiltering - Using platform encoding (Cp1252 actually) to copy filtered resources, i.e. build is platform dependent!
2024-08-27 10:35:18,101 [Worker-55: Building Workspace] INFO  o.a.m.s.f.DefaultMavenResourcesFiltering - Copying 0 resource from src\test\resources to target\test-classes
2024-08-27 10:35:27,085 [Worker-59: Building] WARN  o.a.m.s.f.DefaultMavenResourcesFiltering - Using platform encoding (Cp1252 actually) to copy filtered resources, i.e. build is platform dependent!
2024-08-27 10:35:27,087 [Worker-59: Building] INFO  o.a.m.s.f.DefaultMavenResourcesFiltering - Copying 0 resource from src\main\resources to target\classes
2024-08-27 10:35:27,089 [Worker-59: Building] WARN  o.a.m.s.f.DefaultMavenResourcesFiltering - Using platform encoding (Cp1252 actually) to copy filtered resources, i.e. build is platform dependent!
2024-08-27 10:35:27,090 [Worker-59: Building] INFO  o.a.m.s.f.DefaultMavenResourcesFiltering - Copying 0 resource from src\test\resources to target\test-classes
2024-08-27 10:37:48,458 [Worker-59: Building] WARN  o.a.m.s.f.DefaultMavenResourcesFiltering - Using platform encoding (Cp1252 actually) to copy filtered resources, i.e. build is platform dependent!
2024-08-27 10:37:48,458 [Worker-59: Building] INFO  o.a.m.s.f.DefaultMavenResourcesFiltering - Copying 0 resource from src\main\resources to target\classes
2024-08-27 10:37:48,472 [Worker-59: Building] WARN  o.a.m.s.f.DefaultMavenResourcesFiltering - Using platform encoding (Cp1252 actually) to copy filtered resources, i.e. build is platform dependent!
2024-08-27 10:37:48,473 [Worker-59: Building] INFO  o.a.m.s.f.DefaultMavenResourcesFiltering - Copying 0 resource from src\test\resources to target\test-classes
2024-08-27 10:38:01,678 [Worker-54: Building] WARN  o.a.m.s.f.DefaultMavenResourcesFiltering - Using platform encoding (Cp1252 actually) to copy filtered resources, i.e. build is platform dependent!
2024-08-27 10:38:01,678 [Worker-54: Building] INFO  o.a.m.s.f.DefaultMavenResourcesFiltering - Copying 0 resource from src\main\resources to target\classes
2024-08-27 10:38:01,680 [Worker-54: Building] WARN  o.a.m.s.f.DefaultMavenResourcesFiltering - Using platform encoding (Cp1252 actually) to copy filtered resources, i.e. build is platform dependent!
2024-08-27 10:38:01,681 [Worker-54: Building] INFO  o.a.m.s.f.DefaultMavenResourcesFiltering - Copying 0 resource from src\test\resources to target\test-classes
